Flow report for pulse_Td
Thu Aug 28 19:16:49 2025
Quartus Prime Version 20.1.1 Build 720 11/11/2020 Patches 1.02i SJ Lite Edition


---------------------
; Table of Contents ;
---------------------
  1. Legal Notice
  2. Flow Summary
  3. Flow Settings
  4. Flow Non-Default Global Settings
  5. Flow Elapsed Time
  6. Flow OS Summary
  7. Flow Log
  8. Flow Messages
  9. Flow Suppressed Messages



----------------
; Legal Notice ;
----------------
Copyright (C) 2020  Intel Corporation. All rights reserved.
Your use of Intel Corporation's design tools, logic functions 
and other software and tools, and any partner logic 
functions, and any output files from any of the foregoing 
(including device programming or simulation files), and any 
associated documentation or information are expressly subject 
to the terms and conditions of the Intel Program License 
Subscription Agreement, the Intel Quartus Prime License Agreement,
the Intel FPGA IP License Agreement, or other applicable license
agreement, including, without limitation, that your use is for
the sole purpose of programming logic devices manufactured by
Intel and sold by Intel or its authorized distributors.  Please
refer to the applicable agreement for further details, at
https://fpgasoftware.intel.com/eula.



+------------------------------------------------------------------------------------------------+
; Flow Summary                                                                                   ;
+------------------------------------+-----------------------------------------------------------+
; Flow Status                        ; Successful - Thu Aug 28 19:16:49 2025                     ;
; Quartus Prime Version              ; 20.1.1 Build 720 11/11/2020 Patches 1.02i SJ Lite Edition ;
; Revision Name                      ; pulse_Td                                                  ;
; Top-level Entity Name              ; pulse_Td                                                  ;
; Family                             ; Cyclone 10 LP                                             ;
; Total logic elements               ; 53 / 6,272 ( < 1 % )                                      ;
;     Total combinational functions  ; 52 / 6,272 ( < 1 % )                                      ;
;     Dedicated logic registers      ; 30 / 6,272 ( < 1 % )                                      ;
; Total registers                    ; 30                                                        ;
; Total pins                         ; 4 / 89 ( 4 % )                                            ;
; Total virtual pins                 ; 0                                                         ;
; Total memory bits                  ; 196 / 276,480 ( < 1 % )                                   ;
; Embedded Multiplier 9-bit elements ; 0 / 30 ( 0 % )                                            ;
; Total PLLs                         ; 0 / 2 ( 0 % )                                             ;
; Device                             ; 10CL006YE144C6G                                           ;
; Timing Models                      ; Final                                                     ;
+------------------------------------+-----------------------------------------------------------+


+-----------------------------------------+
; Flow Settings                           ;
+-------------------+---------------------+
; Option            ; Setting             ;
+-------------------+---------------------+
; Start date & time ; 08/28/2025 19:10:55 ;
; Main task         ; Compilation         ;
; Revision Name     ; pulse_Td            ;
+-------------------+---------------------+


+-------------------------------------------------------------------------------------------------------------------------+
; Flow Non-Default Global Settings                                                                                        ;
+-------------------------------------+----------------------------------------+---------------+-------------+------------+
; Assignment Name                     ; Value                                  ; Default Value ; Entity Name ; Section Id ;
+-------------------------------------+----------------------------------------+---------------+-------------+------------+
; COMPILER_SIGNATURE_ID               ; 141562626696691.175637585529188        ; --            ; --          ; --         ;
; PARTITION_COLOR                     ; -- (Not supported for targeted family) ; --            ; --          ; Top        ;
; PARTITION_FITTER_PRESERVATION_LEVEL ; -- (Not supported for targeted family) ; --            ; --          ; Top        ;
; PARTITION_NETLIST_TYPE              ; -- (Not supported for targeted family) ; --            ; --          ; Top        ;
; PROJECT_OUTPUT_DIRECTORY            ; output_files                           ; --            ; --          ; --         ;
+-------------------------------------+----------------------------------------+---------------+-------------+------------+


+--------------------------------------------------------------------------------------------------------------------------+
; Flow Elapsed Time                                                                                                        ;
+----------------------+--------------+-------------------------+---------------------+------------------------------------+
; Module Name          ; Elapsed Time ; Average Processors Used ; Peak Virtual Memory ; Total CPU Time (on all processors) ;
+----------------------+--------------+-------------------------+---------------------+------------------------------------+
; Analysis & Synthesis ; 00:00:06     ; 1.0                     ; 4824 MB             ; 00:00:12                           ;
; Fitter               ; 00:00:03     ; 1.1                     ; 5707 MB             ; 00:00:03                           ;
; Assembler            ; 00:00:00     ; 1.0                     ; 4683 MB             ; 00:00:00                           ;
; Timing Analyzer      ; 00:00:01     ; 1.0                     ; 4824 MB             ; 00:00:01                           ;
; EDA Netlist Writer   ; 00:00:01     ; 1.0                     ; 4630 MB             ; 00:00:00                           ;
; EDA Netlist Writer   ; 00:00:00     ; 1.0                     ; 4642 MB             ; 00:00:00                           ;
; Total                ; 00:00:11     ; --                      ; --                  ; 00:00:16                           ;
+----------------------+--------------+-------------------------+---------------------+------------------------------------+


+------------------------------------------------------------------------------------+
; Flow OS Summary                                                                    ;
+----------------------+------------------+------------+------------+----------------+
; Module Name          ; Machine Hostname ; OS Name    ; OS Version ; Processor type ;
+----------------------+------------------+------------+------------+----------------+
; Analysis & Synthesis ; yuki0612         ; Windows 10 ; 10.0       ; x86_64         ;
; Fitter               ; yuki0612         ; Windows 10 ; 10.0       ; x86_64         ;
; Assembler            ; yuki0612         ; Windows 10 ; 10.0       ; x86_64         ;
; Timing Analyzer      ; yuki0612         ; Windows 10 ; 10.0       ; x86_64         ;
; EDA Netlist Writer   ; yuki0612         ; Windows 10 ; 10.0       ; x86_64         ;
; EDA Netlist Writer   ; yuki0612         ; Windows 10 ; 10.0       ; x86_64         ;
+----------------------+------------------+------------+------------+----------------+


------------
; Flow Log ;
------------
quartus_map --read_settings_files=on --write_settings_files=off pulse_Td -c pulse_Td
quartus_fit --read_settings_files=off --write_settings_files=off pulse_Td -c pulse_Td
quartus_asm --read_settings_files=off --write_settings_files=off pulse_Td -c pulse_Td
quartus_sta pulse_Td -c pulse_Td
quartus_eda --gen_testbench --tool=modelsim_oem --format=vhdl --write_settings_files=off pulse_Td -c pulse_Td --vector_source=C:/intelFPGA_lite/20.1/quartus/bin64/pulse_Td/Waveform.vwf --testbench_file=C:/intelFPGA_lite/20.1/quartus/bin64/pulse_Td/simulation/qsim/Waveform.vwf.vht
quartus_eda --write_settings_files=off --simulation=on --functional=on --flatten_buses=off --tool=modelsim_oem --format=vhdl --output_directory=C:/intelFPGA_lite/20.1/quartus/bin64/pulse_Td/simulation/qsim/ pulse_Td -c pulse_Td



