Analysis & Synthesis report for pulse_Td
Thu Aug 28 19:11:01 2025
Quartus Prime Version 20.1.1 Build 720 11/11/2020 Patches 1.02i SJ Lite Edition


---------------------
; Table of Contents ;
---------------------
  1. Legal Notice
  2. Analysis & Synthesis Summary
  3. Analysis & Synthesis Settings
  4. Parallel Compilation
  5. Analysis & Synthesis Source Files Read
  6. Analysis & Synthesis Resource Usage Summary
  7. Analysis & Synthesis Resource Utilization by Entity
  8. Analysis & Synthesis RAM Summary
  9. Registers Removed During Synthesis
 10. General Register Statistics
 11. Inverted Register Statistics
 12. Registers Packed Into Inferred Megafunctions
 13. Source assignments for shift_resister:U1|altshift_taps:shift_rtl_0|shift_taps_glm:auto_generated|altsyncram_l2b1:altsyncram2
 14. Parameter Settings for Inferred Entity Instance: shift_resister:U1|altshift_taps:shift_rtl_0
 15. altshift_taps Parameter Settings by Entity Instance
 16. Post-Synthesis Netlist Statistics for Top Partition
 17. Elapsed Time Per Partition
 18. Analysis & Synthesis Messages



----------------
; Legal Notice ;
----------------
Copyright (C) 2020  Intel Corporation. All rights reserved.
Your use of Intel Corporation's design tools, logic functions 
and other software and tools, and any partner logic 
functions, and any output files from any of the foregoing 
(including device programming or simulation files), and any 
associated documentation or information are expressly subject 
to the terms and conditions of the Intel Program License 
Subscription Agreement, the Intel Quartus Prime License Agreement,
the Intel FPGA IP License Agreement, or other applicable license
agreement, including, without limitation, that your use is for
the sole purpose of programming logic devices manufactured by
Intel and sold by Intel or its authorized distributors.  Please
refer to the applicable agreement for further details, at
https://fpgasoftware.intel.com/eula.



+------------------------------------------------------------------------------------------------+
; Analysis & Synthesis Summary                                                                   ;
+------------------------------------+-----------------------------------------------------------+
; Analysis & Synthesis Status        ; Successful - Thu Aug 28 19:11:00 2025                     ;
; Quartus Prime Version              ; 20.1.1 Build 720 11/11/2020 Patches 1.02i SJ Lite Edition ;
; Revision Name                      ; pulse_Td                                                  ;
; Top-level Entity Name              ; pulse_Td                                                  ;
; Family                             ; Cyclone 10 LP                                             ;
; Total logic elements               ; 52                                                        ;
;     Total combinational functions  ; 52                                                        ;
;     Dedicated logic registers      ; 30                                                        ;
; Total registers                    ; 30                                                        ;
; Total pins                         ; 4                                                         ;
; Total virtual pins                 ; 0                                                         ;
; Total memory bits                  ; 196                                                       ;
; Embedded Multiplier 9-bit elements ; 0                                                         ;
; Total PLLs                         ; 0                                                         ;
+------------------------------------+-----------------------------------------------------------+


+------------------------------------------------------------------------------------------------------------+
; Analysis & Synthesis Settings                                                                              ;
+------------------------------------------------------------------+--------------------+--------------------+
; Option                                                           ; Setting            ; Default Value      ;
+------------------------------------------------------------------+--------------------+--------------------+
; Top-level entity name                                            ; pulse_Td           ; pulse_Td           ;
; Family name                                                      ; Cyclone 10 LP      ; Cyclone V          ;
; Use smart compilation                                            ; Off                ; Off                ;
; Enable parallel Assembler and Timing Analyzer during compilation ; On                 ; On                 ;
; Enable compact report table                                      ; Off                ; Off                ;
; Restructure Multiplexers                                         ; Auto               ; Auto               ;
; Create Debugging Nodes for IP Cores                              ; Off                ; Off                ;
; Preserve fewer node names                                        ; On                 ; On                 ;
; Intel FPGA IP Evaluation Mode                                    ; Enable             ; Enable             ;
; Verilog Version                                                  ; Verilog_2001       ; Verilog_2001       ;
; VHDL Version                                                     ; VHDL_1993          ; VHDL_1993          ;
; State Machine Processing                                         ; Auto               ; Auto               ;
; Safe State Machine                                               ; Off                ; Off                ;
; Extract Verilog State Machines                                   ; On                 ; On                 ;
; Extract VHDL State Machines                                      ; On                 ; On                 ;
; Ignore Verilog initial constructs                                ; Off                ; Off                ;
; Iteration limit for constant Verilog loops                       ; 5000               ; 5000               ;
; Iteration limit for non-constant Verilog loops                   ; 250                ; 250                ;
; Add Pass-Through Logic to Inferred RAMs                          ; On                 ; On                 ;
; Infer RAMs from Raw Logic                                        ; On                 ; On                 ;
; Parallel Synthesis                                               ; On                 ; On                 ;
; DSP Block Balancing                                              ; Auto               ; Auto               ;
; NOT Gate Push-Back                                               ; On                 ; On                 ;
; Power-Up Don't Care                                              ; On                 ; On                 ;
; Remove Redundant Logic Cells                                     ; Off                ; Off                ;
; Remove Duplicate Registers                                       ; On                 ; On                 ;
; Ignore CARRY Buffers                                             ; Off                ; Off                ;
; Ignore CASCADE Buffers                                           ; Off                ; Off                ;
; Ignore GLOBAL Buffers                                            ; Off                ; Off                ;
; Ignore ROW GLOBAL Buffers                                        ; Off                ; Off                ;
; Ignore LCELL Buffers                                             ; Off                ; Off                ;
; Ignore SOFT Buffers                                              ; On                 ; On                 ;
; Limit AHDL Integers to 32 Bits                                   ; Off                ; Off                ;
; Optimization Technique                                           ; Balanced           ; Balanced           ;
; Carry Chain Length                                               ; 70                 ; 70                 ;
; Auto Carry Chains                                                ; On                 ; On                 ;
; Auto Open-Drain Pins                                             ; On                 ; On                 ;
; Perform WYSIWYG Primitive Resynthesis                            ; Off                ; Off                ;
; Auto ROM Replacement                                             ; On                 ; On                 ;
; Auto RAM Replacement                                             ; On                 ; On                 ;
; Auto DSP Block Replacement                                       ; On                 ; On                 ;
; Auto Shift Register Replacement                                  ; Auto               ; Auto               ;
; Allow Shift Register Merging across Hierarchies                  ; Auto               ; Auto               ;
; Auto Clock Enable Replacement                                    ; On                 ; On                 ;
; Strict RAM Replacement                                           ; Off                ; Off                ;
; Allow Synchronous Control Signals                                ; On                 ; On                 ;
; Force Use of Synchronous Clear Signals                           ; Off                ; Off                ;
; Auto RAM Block Balancing                                         ; On                 ; On                 ;
; Auto RAM to Logic Cell Conversion                                ; Off                ; Off                ;
; Auto Resource Sharing                                            ; Off                ; Off                ;
; Allow Any RAM Size For Recognition                               ; Off                ; Off                ;
; Allow Any ROM Size For Recognition                               ; Off                ; Off                ;
; Allow Any Shift Register Size For Recognition                    ; Off                ; Off                ;
; Use LogicLock Constraints during Resource Balancing              ; On                 ; On                 ;
; Ignore translate_off and synthesis_off directives                ; Off                ; Off                ;
; Timing-Driven Synthesis                                          ; On                 ; On                 ;
; Report Parameter Settings                                        ; On                 ; On                 ;
; Report Source Assignments                                        ; On                 ; On                 ;
; Report Connectivity Checks                                       ; On                 ; On                 ;
; Ignore Maximum Fan-Out Assignments                               ; Off                ; Off                ;
; Synchronization Register Chain Length                            ; 2                  ; 2                  ;
; Power Optimization During Synthesis                              ; Normal compilation ; Normal compilation ;
; HDL message level                                                ; Level2             ; Level2             ;
; Suppress Register Optimization Related Messages                  ; Off                ; Off                ;
; Number of Removed Registers Reported in Synthesis Report         ; 5000               ; 5000               ;
; Number of Swept Nodes Reported in Synthesis Report               ; 5000               ; 5000               ;
; Number of Inverted Registers Reported in Synthesis Report        ; 100                ; 100                ;
; Clock MUX Protection                                             ; On                 ; On                 ;
; Auto Gated Clock Conversion                                      ; Off                ; Off                ;
; Block Design Naming                                              ; Auto               ; Auto               ;
; SDC constraint protection                                        ; Off                ; Off                ;
; Synthesis Effort                                                 ; Auto               ; Auto               ;
; Shift Register Replacement - Allow Asynchronous Clear Signal     ; On                 ; On                 ;
; Pre-Mapping Resynthesis Optimization                             ; Off                ; Off                ;
; Analysis & Synthesis Message Level                               ; Medium             ; Medium             ;
; Disable Register Merging Across Hierarchies                      ; Auto               ; Auto               ;
; Resource Aware Inference For Block RAM                           ; On                 ; On                 ;
+------------------------------------------------------------------+--------------------+--------------------+


+------------------------------------------+
; Parallel Compilation                     ;
+----------------------------+-------------+
; Processors                 ; Number      ;
+----------------------------+-------------+
; Number detected on machine ; 8           ;
; Maximum allowed            ; 8           ;
;                            ;             ;
; Average used               ; 1.00        ;
; Maximum used               ; 8           ;
;                            ;             ;
; Usage by Processor         ; % Time Used ;
;     Processor 1            ; 100.0%      ;
;     Processors 2-8         ;   0.1%      ;
+----------------------------+-------------+


+------------------------------------------------------------------------------------------------------------------------------------------------------------------------+
; Analysis & Synthesis Source Files Read                                                                                                                                 ;
+----------------------------------+-----------------+------------------------------+--------------------------------------------------------------------------+---------+
; File Name with User-Entered Path ; Used in Netlist ; File Type                    ; File Name with Absolute Path                                             ; Library ;
+----------------------------------+-----------------+------------------------------+--------------------------------------------------------------------------+---------+
; pulse_Td.vhd                     ; yes             ; User VHDL File               ; C:/intelFPGA_lite/20.1/quartus/bin64/pulse_Td/pulse_Td.vhd               ;         ;
; pulse.vhd                        ; yes             ; Auto-Found VHDL File         ; C:/intelFPGA_lite/20.1/quartus/bin64/pulse_Td/pulse.vhd                  ;         ;
; shift_resister.vhd               ; yes             ; Auto-Found VHDL File         ; C:/intelFPGA_lite/20.1/quartus/bin64/pulse_Td/shift_resister.vhd         ;         ;
; altshift_taps.tdf                ; yes             ; Megafunction                 ; c:/intelfpga_lite/20.1/quartus/libraries/megafunctions/altshift_taps.tdf ;         ;
; altdpram.inc                     ; yes             ; Megafunction                 ; c:/intelfpga_lite/20.1/quartus/libraries/megafunctions/altdpram.inc      ;         ;
; lpm_counter.inc                  ; yes             ; Megafunction                 ; c:/intelfpga_lite/20.1/quartus/libraries/megafunctions/lpm_counter.inc   ;         ;
; lpm_compare.inc                  ; yes             ; Megafunction                 ; c:/intelfpga_lite/20.1/quartus/libraries/megafunctions/lpm_compare.inc   ;         ;
; lpm_constant.inc                 ; yes             ; Megafunction                 ; c:/intelfpga_lite/20.1/quartus/libraries/megafunctions/lpm_constant.inc  ;         ;
; db/shift_taps_glm.tdf            ; yes             ; Auto-Generated Megafunction  ; C:/intelFPGA_lite/20.1/quartus/bin64/pulse_Td/db/shift_taps_glm.tdf      ;         ;
; db/altsyncram_l2b1.tdf           ; yes             ; Auto-Generated Megafunction  ; C:/intelFPGA_lite/20.1/quartus/bin64/pulse_Td/db/altsyncram_l2b1.tdf     ;         ;
; db/cntr_2rf.tdf                  ; yes             ; Auto-Generated Megafunction  ; C:/intelFPGA_lite/20.1/quartus/bin64/pulse_Td/db/cntr_2rf.tdf            ;         ;
; db/cmpr_mgc.tdf                  ; yes             ; Auto-Generated Megafunction  ; C:/intelFPGA_lite/20.1/quartus/bin64/pulse_Td/db/cmpr_mgc.tdf            ;         ;
; db/cntr_oah.tdf                  ; yes             ; Auto-Generated Megafunction  ; C:/intelFPGA_lite/20.1/quartus/bin64/pulse_Td/db/cntr_oah.tdf            ;         ;
+----------------------------------+-----------------+------------------------------+--------------------------------------------------------------------------+---------+


+---------------------------------------------------------+
; Analysis & Synthesis Resource Usage Summary             ;
+---------------------------------------------+-----------+
; Resource                                    ; Usage     ;
+---------------------------------------------+-----------+
; Estimated Total logic elements              ; 52        ;
;                                             ;           ;
; Total combinational functions               ; 52        ;
; Logic element usage by number of LUT inputs ;           ;
;     -- 4 input functions                    ; 18        ;
;     -- 3 input functions                    ; 2         ;
;     -- <=2 input functions                  ; 32        ;
;                                             ;           ;
; Logic elements by mode                      ;           ;
;     -- normal mode                          ; 27        ;
;     -- arithmetic mode                      ; 25        ;
;                                             ;           ;
; Total registers                             ; 30        ;
;     -- Dedicated logic registers            ; 30        ;
;     -- I/O registers                        ; 0         ;
;                                             ;           ;
; I/O pins                                    ; 4         ;
; Total memory bits                           ; 196       ;
;                                             ;           ;
; Embedded Multiplier 9-bit elements          ; 0         ;
;                                             ;           ;
; Maximum fan-out node                        ; clk~input ;
; Maximum fan-out                             ; 32        ;
; Total fan-out                               ; 252       ;
; Average fan-out                             ; 2.74      ;
+---------------------------------------------+-----------+


+---------------------------------------------------------------------------------------------------------------------------------------------------------------------------------------------------------------------------------------------------------------------------------------------------------------------------+
; Analysis & Synthesis Resource Utilization by Entity                                                                                                                                                                                                                                                                       ;
+-------------------------------------------+---------------------+---------------------------+-------------+--------------+---------+-----------+------+--------------+-------------------------------------------------------------------------------------------------------------------+-----------------+--------------+
; Compilation Hierarchy Node                ; Combinational ALUTs ; Dedicated Logic Registers ; Memory Bits ; DSP Elements ; DSP 9x9 ; DSP 18x18 ; Pins ; Virtual Pins ; Full Hierarchy Name                                                                                               ; Entity Name     ; Library Name ;
+-------------------------------------------+---------------------+---------------------------+-------------+--------------+---------+-----------+------+--------------+-------------------------------------------------------------------------------------------------------------------+-----------------+--------------+
; |pulse_Td                                 ; 52 (2)              ; 30 (2)                    ; 196         ; 0            ; 0       ; 0         ; 4    ; 0            ; |pulse_Td                                                                                                         ; pulse_Td        ; work         ;
;    |pulse:U0|                             ; 25 (25)             ; 13 (13)                   ; 0           ; 0            ; 0       ; 0         ; 0    ; 0            ; |pulse_Td|pulse:U0                                                                                                ; pulse           ; work         ;
;    |shift_resister:U1|                    ; 25 (0)              ; 15 (0)                    ; 196         ; 0            ; 0       ; 0         ; 0    ; 0            ; |pulse_Td|shift_resister:U1                                                                                       ; shift_resister  ; work         ;
;       |altshift_taps:shift_rtl_0|         ; 25 (0)              ; 15 (0)                    ; 196         ; 0            ; 0       ; 0         ; 0    ; 0            ; |pulse_Td|shift_resister:U1|altshift_taps:shift_rtl_0                                                             ; altshift_taps   ; work         ;
;          |shift_taps_glm:auto_generated|  ; 25 (0)              ; 15 (1)                    ; 196         ; 0            ; 0       ; 0         ; 0    ; 0            ; |pulse_Td|shift_resister:U1|altshift_taps:shift_rtl_0|shift_taps_glm:auto_generated                               ; shift_taps_glm  ; work         ;
;             |altsyncram_l2b1:altsyncram2| ; 0 (0)               ; 0 (0)                     ; 196         ; 0            ; 0       ; 0         ; 0    ; 0            ; |pulse_Td|shift_resister:U1|altshift_taps:shift_rtl_0|shift_taps_glm:auto_generated|altsyncram_l2b1:altsyncram2   ; altsyncram_l2b1 ; work         ;
;             |cntr_2rf:cntr1|              ; 17 (15)             ; 7 (7)                     ; 0           ; 0            ; 0       ; 0         ; 0    ; 0            ; |pulse_Td|shift_resister:U1|altshift_taps:shift_rtl_0|shift_taps_glm:auto_generated|cntr_2rf:cntr1                ; cntr_2rf        ; work         ;
;                |cmpr_mgc:cmpr6|           ; 2 (2)               ; 0 (0)                     ; 0           ; 0            ; 0       ; 0         ; 0    ; 0            ; |pulse_Td|shift_resister:U1|altshift_taps:shift_rtl_0|shift_taps_glm:auto_generated|cntr_2rf:cntr1|cmpr_mgc:cmpr6 ; cmpr_mgc        ; work         ;
;             |cntr_oah:cntr3|              ; 8 (8)               ; 7 (7)                     ; 0           ; 0            ; 0       ; 0         ; 0    ; 0            ; |pulse_Td|shift_resister:U1|altshift_taps:shift_rtl_0|shift_taps_glm:auto_generated|cntr_oah:cntr3                ; cntr_oah        ; work         ;
+-------------------------------------------+---------------------+---------------------------+-------------+--------------+---------+-----------+------+--------------+-------------------------------------------------------------------------------------------------------------------+-----------------+--------------+
Note: For table entries with two numbers listed, the numbers in parentheses indicate the number of resources of the given type used by the specific entity alone. The numbers listed outside of parentheses indicate the total resources of the given type used by the specific entity and all of its sub-entities in the hierarchy.


+----------------------------------------------------------------------------------------------------------------------------------------------------------------------------------------------------------------------+
; Analysis & Synthesis RAM Summary                                                                                                                                                                                     ;
+------------------------------------------------------------------------------------------------------------------+------+------------------+--------------+--------------+--------------+--------------+------+------+
; Name                                                                                                             ; Type ; Mode             ; Port A Depth ; Port A Width ; Port B Depth ; Port B Width ; Size ; MIF  ;
+------------------------------------------------------------------------------------------------------------------+------+------------------+--------------+--------------+--------------+--------------+------+------+
; shift_resister:U1|altshift_taps:shift_rtl_0|shift_taps_glm:auto_generated|altsyncram_l2b1:altsyncram2|ALTSYNCRAM ; AUTO ; Simple Dual Port ; 98           ; 2            ; 98           ; 2            ; 196  ; None ;
+------------------------------------------------------------------------------------------------------------------+------+------------------+--------------+--------------+--------------+--------------+------+------+


+----------------------------------------------------------------------------+
; Registers Removed During Synthesis                                         ;
+----------------------------------------+-----------------------------------+
; Register name                          ; Reason for Removal                ;
+----------------------------------------+-----------------------------------+
; pulse:U0|cnt_Tsw[11]                   ; Merged with pulse:U0|cnt_Toff[11] ;
; pulse:U0|cnt_Tsw[10]                   ; Merged with pulse:U0|cnt_Toff[10] ;
; pulse:U0|cnt_Tsw[9]                    ; Merged with pulse:U0|cnt_Toff[9]  ;
; pulse:U0|cnt_Tsw[8]                    ; Merged with pulse:U0|cnt_Toff[8]  ;
; pulse:U0|cnt_Tsw[7]                    ; Merged with pulse:U0|cnt_Toff[7]  ;
; pulse:U0|cnt_Tsw[6]                    ; Merged with pulse:U0|cnt_Toff[6]  ;
; pulse:U0|cnt_Tsw[5]                    ; Merged with pulse:U0|cnt_Toff[5]  ;
; pulse:U0|cnt_Tsw[4]                    ; Merged with pulse:U0|cnt_Toff[4]  ;
; pulse:U0|cnt_Tsw[3]                    ; Merged with pulse:U0|cnt_Toff[3]  ;
; pulse:U0|cnt_Tsw[2]                    ; Merged with pulse:U0|cnt_Toff[2]  ;
; pulse:U0|cnt_Tsw[1]                    ; Merged with pulse:U0|cnt_Toff[1]  ;
; pulse:U0|cnt_Tsw[0]                    ; Merged with pulse:U0|cnt_Toff[0]  ;
; Total Number of Removed Registers = 12 ;                                   ;
+----------------------------------------+-----------------------------------+


+------------------------------------------------------+
; General Register Statistics                          ;
+----------------------------------------------+-------+
; Statistic                                    ; Value ;
+----------------------------------------------+-------+
; Total registers                              ; 30    ;
; Number of registers using Synchronous Clear  ; 0     ;
; Number of registers using Synchronous Load   ; 0     ;
; Number of registers using Asynchronous Clear ; 23    ;
; Number of registers using Asynchronous Load  ; 0     ;
; Number of registers using Clock Enable       ; 7     ;
; Number of registers using Preset             ; 0     ;
+----------------------------------------------+-------+


+-------------------------------------------------------------------------------------------+
; Inverted Register Statistics                                                              ;
+---------------------------------------------------------------------------------+---------+
; Inverted Register                                                               ; Fan out ;
+---------------------------------------------------------------------------------+---------+
; shift_resister:U1|altshift_taps:shift_rtl_0|shift_taps_glm:auto_generated|dffe4 ; 2       ;
; Total number of inverted registers = 1                                          ;         ;
+---------------------------------------------------------------------------------+---------+


+-----------------------------------------------------------------------------+
; Registers Packed Into Inferred Megafunctions                                ;
+--------------------------------+-------------------------------+------------+
; Register Name                  ; Megafunction                  ; Type       ;
+--------------------------------+-------------------------------+------------+
; shift_resister:U1|shift[0..99] ; shift_resister:U1|shift_rtl_0 ; SHIFT_TAPS ;
; shift_resister:U2|shift[0..99] ; shift_resister:U1|shift_rtl_0 ; SHIFT_TAPS ;
+--------------------------------+-------------------------------+------------+


+------------------------------------------------------------------------------------------------------------------------------+
; Source assignments for shift_resister:U1|altshift_taps:shift_rtl_0|shift_taps_glm:auto_generated|altsyncram_l2b1:altsyncram2 ;
+---------------------------------+--------------------+------+----------------------------------------------------------------+
; Assignment                      ; Value              ; From ; To                                                             ;
+---------------------------------+--------------------+------+----------------------------------------------------------------+
; OPTIMIZE_POWER_DURING_SYNTHESIS ; NORMAL_COMPILATION ; -    ; -                                                              ;
+---------------------------------+--------------------+------+----------------------------------------------------------------+


+----------------------------------------------------------------------------------------------+
; Parameter Settings for Inferred Entity Instance: shift_resister:U1|altshift_taps:shift_rtl_0 ;
+----------------+----------------+------------------------------------------------------------+
; Parameter Name ; Value          ; Type                                                       ;
+----------------+----------------+------------------------------------------------------------+
; WIDTH_BYTEENA  ; 1              ; Untyped                                                    ;
; NUMBER_OF_TAPS ; 1              ; Untyped                                                    ;
; TAP_DISTANCE   ; 100            ; Untyped                                                    ;
; WIDTH          ; 2              ; Untyped                                                    ;
; POWER_UP_STATE ; CLEARED        ; Untyped                                                    ;
; CBXI_PARAMETER ; shift_taps_glm ; Untyped                                                    ;
+----------------+----------------+------------------------------------------------------------+
Note: In order to hide this table in the UI and the text report file, please set the "Show Parameter Settings in Synthesis Report" option in "Analysis and Synthesis Settings -> More Settings" to "Off".


+--------------------------------------------------------------------------+
; altshift_taps Parameter Settings by Entity Instance                      ;
+----------------------------+---------------------------------------------+
; Name                       ; Value                                       ;
+----------------------------+---------------------------------------------+
; Number of entity instances ; 1                                           ;
; Entity Instance            ; shift_resister:U1|altshift_taps:shift_rtl_0 ;
;     -- NUMBER_OF_TAPS      ; 1                                           ;
;     -- TAP_DISTANCE        ; 100                                         ;
;     -- WIDTH               ; 2                                           ;
+----------------------------+---------------------------------------------+


+-----------------------------------------------------+
; Post-Synthesis Netlist Statistics for Top Partition ;
+-----------------------+-----------------------------+
; Type                  ; Count                       ;
+-----------------------+-----------------------------+
; boundary_port         ; 4                           ;
; cycloneiii_ff         ; 30                          ;
;     CLR               ; 16                          ;
;     ENA CLR           ; 7                           ;
;     plain             ; 7                           ;
; cycloneiii_lcell_comb ; 52                          ;
;     arith             ; 25                          ;
;         1 data inputs ; 1                           ;
;         2 data inputs ; 24                          ;
;     normal            ; 27                          ;
;         0 data inputs ; 2                           ;
;         1 data inputs ; 2                           ;
;         2 data inputs ; 3                           ;
;         3 data inputs ; 2                           ;
;         4 data inputs ; 18                          ;
; cycloneiii_ram_block  ; 2                           ;
;                       ;                             ;
; Max LUT depth         ; 3.10                        ;
; Average LUT depth     ; 2.20                        ;
+-----------------------+-----------------------------+


+-------------------------------+
; Elapsed Time Per Partition    ;
+----------------+--------------+
; Partition Name ; Elapsed Time ;
+----------------+--------------+
; Top            ; 00:00:00     ;
+----------------+--------------+


+-------------------------------+
; Analysis & Synthesis Messages ;
+-------------------------------+
Info: *******************************************************************
Info: Running Quartus Prime Analysis & Synthesis
    Info: Version 20.1.1 Build 720 11/11/2020 Patches 1.02i SJ Lite Edition
    Info: Processing started: Thu Aug 28 19:10:54 2025
Info: Command: quartus_map --read_settings_files=on --write_settings_files=off pulse_Td -c pulse_Td
Warning (18236): Number of processors has not been specified which may cause overloading on shared machines.  Set the global assignment NUM_PARALLEL_PROCESSORS in your QSF to an appropriate value for best performance.
Info (20030): Parallel compilation is enabled and will use 8 of the 8 processors detected
Info (12021): Found 2 design units, including 1 entities, in source file pulse_td.vhd
    Info (12022): Found design unit 1: pulse_Td-RTL File: C:/intelFPGA_lite/20.1/quartus/bin64/pulse_Td/pulse_Td.vhd Line: 15
    Info (12023): Found entity 1: pulse_Td File: C:/intelFPGA_lite/20.1/quartus/bin64/pulse_Td/pulse_Td.vhd Line: 6
Info (12127): Elaborating entity "pulse_Td" for the top level hierarchy
Warning (12125): Using design file pulse.vhd, which is not specified as a design file for the current project, but contains definitions for 2 design units and 1 entities in project
    Info (12022): Found design unit 1: pulse-RTL File: C:/intelFPGA_lite/20.1/quartus/bin64/pulse_Td/pulse.vhd Line: 14
    Info (12023): Found entity 1: pulse File: C:/intelFPGA_lite/20.1/quartus/bin64/pulse_Td/pulse.vhd Line: 6
Info (12128): Elaborating entity "pulse" for hierarchy "pulse:U0" File: C:/intelFPGA_lite/20.1/quartus/bin64/pulse_Td/pulse_Td.vhd Line: 34
Warning (12125): Using design file shift_resister.vhd, which is not specified as a design file for the current project, but contains definitions for 2 design units and 1 entities in project
    Info (12022): Found design unit 1: shift_resister-RTL File: C:/intelFPGA_lite/20.1/quartus/bin64/pulse_Td/shift_resister.vhd Line: 13
    Info (12023): Found entity 1: shift_resister File: C:/intelFPGA_lite/20.1/quartus/bin64/pulse_Td/shift_resister.vhd Line: 6
Info (12128): Elaborating entity "shift_resister" for hierarchy "shift_resister:U1" File: C:/intelFPGA_lite/20.1/quartus/bin64/pulse_Td/pulse_Td.vhd Line: 35
Info (19000): Inferred 1 megafunctions from design logic
    Info (276034): Inferred altshift_taps megafunction from the following design logic: "shift_resister:U1|shift_rtl_0"
        Info (286033): Parameter NUMBER_OF_TAPS set to 1
        Info (286033): Parameter TAP_DISTANCE set to 100
        Info (286033): Parameter WIDTH set to 2
Info (12130): Elaborated megafunction instantiation "shift_resister:U1|altshift_taps:shift_rtl_0"
Info (12133): Instantiated megafunction "shift_resister:U1|altshift_taps:shift_rtl_0" with the following parameter:
    Info (12134): Parameter "NUMBER_OF_TAPS" = "1"
    Info (12134): Parameter "TAP_DISTANCE" = "100"
    Info (12134): Parameter "WIDTH" = "2"
Info (12021): Found 1 design units, including 1 entities, in source file db/shift_taps_glm.tdf
    Info (12023): Found entity 1: shift_taps_glm File: C:/intelFPGA_lite/20.1/quartus/bin64/pulse_Td/db/shift_taps_glm.tdf Line: 29
Info (12021): Found 1 design units, including 1 entities, in source file db/altsyncram_l2b1.tdf
    Info (12023): Found entity 1: altsyncram_l2b1 File: C:/intelFPGA_lite/20.1/quartus/bin64/pulse_Td/db/altsyncram_l2b1.tdf Line: 28
Info (12021): Found 1 design units, including 1 entities, in source file db/cntr_2rf.tdf
    Info (12023): Found entity 1: cntr_2rf File: C:/intelFPGA_lite/20.1/quartus/bin64/pulse_Td/db/cntr_2rf.tdf Line: 28
Info (12021): Found 1 design units, including 1 entities, in source file db/cmpr_mgc.tdf
    Info (12023): Found entity 1: cmpr_mgc File: C:/intelFPGA_lite/20.1/quartus/bin64/pulse_Td/db/cmpr_mgc.tdf Line: 23
Info (12021): Found 1 design units, including 1 entities, in source file db/cntr_oah.tdf
    Info (12023): Found entity 1: cntr_oah File: C:/intelFPGA_lite/20.1/quartus/bin64/pulse_Td/db/cntr_oah.tdf Line: 26
Info (13000): Registers with preset signals will power-up high File: C:/intelFPGA_lite/20.1/quartus/bin64/pulse_Td/db/shift_taps_glm.tdf Line: 39
Info (13003): DEV_CLRn pin will set, and not reset, register with preset signal due to NOT Gate Push-Back
Info (286030): Timing-Driven Synthesis is running
Info (16010): Generating hard_block partition "hard_block:auto_generated_inst"
    Info (16011): Adding 0 node(s), including 0 DDIO, 0 PLL, 0 transceiver and 0 LCELL
Info (21057): Implemented 59 device resources after synthesis - the final resource count might be different
    Info (21058): Implemented 2 input pins
    Info (21059): Implemented 2 output pins
    Info (21061): Implemented 53 logic cells
    Info (21064): Implemented 2 RAM segments
Info: Quartus Prime Analysis & Synthesis was successful. 0 errors, 3 warnings
    Info: Peak virtual memory: 4824 megabytes
    Info: Processing ended: Thu Aug 28 19:11:01 2025
    Info: Elapsed time: 00:00:07
    Info: Total CPU time (on all processors): 00:00:12


